#
# There is insufficient memory for the Java Runtime Environment to continue.
# Native memory allocation (malloc) failed to allocate 167776 bytes. Error detail: Chunk::new
# Possible reasons:
#   The system is out of physical RAM or swap space
#   This process is running with CompressedOops enabled, and the Java Heap may be blocking the growth of the native heap
# Possible solutions:
#   Reduce memory load on the system
#   Increase physical memory or swap space
#   Check if swap backing store is full
#   Decrease Java heap size (-Xmx/-Xms)
#   Decrease number of Java threads
#   Decrease Java thread stack sizes (-Xss)
#   Set larger code cache with -XX:ReservedCodeCacheSize=
#   JVM is running with Unscaled Compressed Oops mode in which the Java heap is
#     placed in the first 4GB address space. The Java Heap base address is the
#     maximum limit for the native heap growth. Please use -XX:HeapBaseMinAddress
#     to set the Java Heap base and to place the Java Heap above 4GB virtual address.
# This output file may be truncated or incomplete.
#
#  Out of Memory Error (arena.cpp:168), pid=16120, tid=33140
#
# JRE version: OpenJDK Runtime Environment Temurin-21.0.10+7 (21.0.10+7) (build 21.0.10+7-LTS)
# Java VM: OpenJDK 64-Bit Server VM Temurin-21.0.10+7 (21.0.10+7-LTS, mixed mode, sharing, tiered, compressed oops, compressed class ptrs, parallel gc, windows-amd64)
# No core dump will be written. Minidumps are not enabled by default on client versions of Windows
#

---------------  S U M M A R Y ------------

Command Line: --add-modules=ALL-SYSTEM --add-opens=java.base/java.util=ALL-UNNAMED --add-opens=java.base/java.lang=ALL-UNNAMED --add-opens=java.base/sun.nio.fs=ALL-UNNAMED -Declipse.application=org.eclipse.jdt.ls.core.id1 -Dosgi.bundles.defaultStartLevel=4 -Declipse.product=org.eclipse.jdt.ls.core.product -Djava.import.generatesMetadataFilesAtProjectRoot=false -DDetectVMInstallationsJob.disabled=true -Dfile.encoding=utf8 -XX:+UseParallelGC -XX:GCTimeRatio=4 -XX:AdaptiveSizePolicyWeight=90 -Dsun.zip.disableMemoryMapping=true -Xmx2G -Xms100m -Xlog:disable -javaagent:c:\Users\ADMIN\.vscode\extensions\redhat.java-1.53.0-win32-x64\lombok\lombok-1.18.39-4050.jar -XX:+HeapDumpOnOutOfMemoryError -XX:HeapDumpPath=c:\Users\ADMIN\AppData\Roaming\Code\User\workspaceStorage\969563f12d5b73a6dd56308980cf598d\redhat.java -Daether.dependencyCollector.impl=bf c:\Users\ADMIN\.vscode\extensions\redhat.java-1.53.0-win32-x64\server\plugins\org.eclipse.equinox.launcher_1.7.100.v20251111-0406.jar -configuration c:\Users\ADMIN\AppData\Roaming\Code\User\globalStorage\redhat.java\1.53.0\config_win -data c:\Users\ADMIN\AppData\Roaming\Code\User\workspaceStorage\969563f12d5b73a6dd56308980cf598d\redhat.java\jdt_ws --pipe=\\.\pipe\lsp-ab81b31bf69a784c263153e7ab391ee6-sock

Host: 11th Gen Intel(R) Core(TM) i7-1165G7 @ 2.80GHz, 8 cores, 15G,  Windows 11 , 64 bit Build 26100 (10.0.26100.7705)
Time: Tue Mar 10 14:40:36 2026 Hora est. Pacífico, Sudamérica elapsed time: 6.815785 seconds (0d 0h 0m 6s)

---------------  T H R E A D  ---------------

Current thread (0x000001f01063ccb0):  JavaThread "C2 CompilerThread1" daemon [_thread_in_native, id=33140, stack(0x000000e611600000,0x000000e611700000) (1024K)]


Current CompileTask:
C2:6815  547       4       java.lang.StringLatin1::replace (198 bytes)

Stack: [0x000000e611600000,0x000000e611700000]
Native frames: (J=compiled Java code, j=interpreted, Vv=VM code, C=native code)
V  [jvm.dll+0x6d7a39]
V  [jvm.dll+0x8b4b26]
V  [jvm.dll+0x8b70de]
V  [jvm.dll+0x8b77c3]
V  [jvm.dll+0x284346]
V  [jvm.dll+0xc66ed]
V  [jvm.dll+0xc6c31]
V  [jvm.dll+0x2fb29e]
V  [jvm.dll+0x5fe884]
V  [jvm.dll+0x255b17]
V  [jvm.dll+0x255edd]
V  [jvm.dll+0x24e500]
V  [jvm.dll+0x24ba42]
V  [jvm.dll+0x1cb34e]
V  [jvm.dll+0x25b85d]
V  [jvm.dll+0x259dea]
V  [jvm.dll+0x3f857e]
V  [jvm.dll+0x85f59d]
V  [jvm.dll+0x6d626d]
C  [ucrtbase.dll+0x37b0]
C  [KERNEL32.DLL+0x2e8d7]
C  [ntdll.dll+0x8c40c]


---------------  P R O C E S S  ---------------

Threads class SMR info:
_java_thread_list=0x000001f010699dc0, length=12, elements={
0x000001efb4f520d0, 0x000001f010328c50, 0x000001efcd8f82b0, 0x000001efcd8fb940,
0x000001efcd8fd5b0, 0x000001f01032daa0, 0x000001f01032ea30, 0x000001f01035d6f0,
0x000001f010362ed0, 0x000001f0105aa440, 0x000001f01063ccb0, 0x000001f010689c20
}

Java Threads: ( => current thread )
  0x000001efb4f520d0 JavaThread "main"                              [_thread_in_native, id=17024, stack(0x000000e610900000,0x000000e610a00000) (1024K)]
  0x000001f010328c50 JavaThread "Reference Handler"          daemon [_thread_blocked, id=39796, stack(0x000000e610e00000,0x000000e610f00000) (1024K)]
  0x000001efcd8f82b0 JavaThread "Finalizer"                  daemon [_thread_blocked, id=12480, stack(0x000000e610f00000,0x000000e611000000) (1024K)]
  0x000001efcd8fb940 JavaThread "Signal Dispatcher"          daemon [_thread_blocked, id=29188, stack(0x000000e611000000,0x000000e611100000) (1024K)]
  0x000001efcd8fd5b0 JavaThread "Attach Listener"            daemon [_thread_blocked, id=34556, stack(0x000000e611100000,0x000000e611200000) (1024K)]
  0x000001f01032daa0 JavaThread "Service Thread"             daemon [_thread_blocked, id=6056, stack(0x000000e611200000,0x000000e611300000) (1024K)]
  0x000001f01032ea30 JavaThread "Monitor Deflation Thread"   daemon [_thread_blocked, id=38864, stack(0x000000e611300000,0x000000e611400000) (1024K)]
  0x000001f01035d6f0 JavaThread "C2 CompilerThread0"         daemon [_thread_blocked, id=6172, stack(0x000000e611400000,0x000000e611500000) (1024K)]
  0x000001f010362ed0 JavaThread "C1 CompilerThread0"         daemon [_thread_blocked, id=41412, stack(0x000000e611500000,0x000000e611600000) (1024K)]
  0x000001f0105aa440 JavaThread "Common-Cleaner"             daemon [_thread_blocked, id=6728, stack(0x000000e611700000,0x000000e611800000) (1024K)]
=>0x000001f01063ccb0 JavaThread "C2 CompilerThread1"         daemon [_thread_in_native, id=33140, stack(0x000000e611600000,0x000000e611700000) (1024K)]
  0x000001f010689c20 JavaThread "Notification Thread"        daemon [_thread_blocked, id=37784, stack(0x000000e611800000,0x000000e611900000) (1024K)]
Total: 12

Other Threads:
  0x000001efb4cbec20 VMThread "VM Thread"                           [id=44568, stack(0x000000e610d00000,0x000000e610e00000) (1024K)]
  0x000001efb4fbddf0 WatcherThread "VM Periodic Task Thread"        [id=6868, stack(0x000000e610c00000,0x000000e610d00000) (1024K)]
  0x000001efb4f71a70 WorkerThread "GC Thread#0"                     [id=21712, stack(0x000000e610b00000,0x000000e610c00000) (1024K)]
Total: 3

Threads with active compile tasks:
C2 CompilerThread1  6834  547       4       java.lang.StringLatin1::replace (198 bytes)
Total: 1

VM state: not at safepoint (normal execution)

VM Mutex/Monitor currently owned by a thread: None

Heap address: 0x0000000080000000, size: 2048 MB, Compressed Oops mode: 32-bit

CDS archive(s) mapped at: [0x000001efce000000-0x000001efceba0000-0x000001efceba0000), size 12189696, SharedBaseAddress: 0x000001efce000000, ArchiveRelocationMode: 1.
Compressed class space mapped at: 0x000001efcf000000-0x000001f00f000000, reserved size: 1073741824
Narrow klass base: 0x000001efce000000, Narrow klass shift: 0, Narrow klass range: 0x100000000

GC Precious Log:
 CardTable entry size: 512
 CPUs: 8 total, 8 available
 Memory: 16112M
 Large Page Support: Disabled
 NUMA Support: Disabled
 Compressed Oops: Enabled (32-bit)
 Alignments: Space 512K, Generation 512K, Heap 2M
 Heap Min Capacity: 100M
 Heap Initial Capacity: 100M
 Heap Max Capacity: 2G
 Pre-touch: Disabled
 Parallel Workers: 8

Heap:
 PSYoungGen      total 29696K, used 10007K [0x00000000d5580000, 0x00000000d7680000, 0x0000000100000000)
  eden space 25600K, 39% used [0x00000000d5580000,0x00000000d5f45e10,0x00000000d6e80000)
  from space 4096K, 0% used [0x00000000d7280000,0x00000000d7280000,0x00000000d7680000)
  to   space 4096K, 0% used [0x00000000d6e80000,0x00000000d6e80000,0x00000000d7280000)
 ParOldGen       total 68608K, used 0K [0x0000000080000000, 0x0000000084300000, 0x00000000d5580000)
  object space 68608K, 0% used [0x0000000080000000,0x0000000080000000,0x0000000084300000)
 Metaspace       used 1230K, committed 1472K, reserved 1114112K
  class space    used 120K, committed 256K, reserved 1048576K

Card table byte_map: [0x000001efc8c10000,0x000001efc9020000] _byte_map_base: 0x000001efc8810000

Marking Bits: (ParMarkBitMap*) 0x00007ffaf1473450
 Begin Bits: [0x000001efc92d0000, 0x000001efcb2d0000)
 End Bits:   [0x000001efcb2d0000, 0x000001efcd2d0000)

Polling page: 0x000001efb4fd0000

Metaspace:

Usage:
  Non-class:      1.08 MB used.
      Class:    120.79 KB used.
       Both:      1.20 MB used.

Virtual space:
  Non-class space:       64.00 MB reserved,       1.19 MB (  2%) committed,  1 nodes.
      Class space:        1.00 GB reserved,     256.00 KB ( <1%) committed,  1 nodes.
             Both:        1.06 GB reserved,       1.44 MB ( <1%) committed. 

Chunk freelists:
   Non-Class:  11.66 MB
       Class:  15.67 MB
        Both:  27.33 MB

MaxMetaspaceSize: unlimited
CompressedClassSpaceSize: 1.00 GB
Initial GC threshold: 21.00 MB
Current GC threshold: 21.00 MB
CDS: on
 - commit_granule_bytes: 65536.
 - commit_granule_words: 8192.
 - virtual_space_node_default_size: 8388608.
 - enlarge_chunks_in_place: 1.
 - use_allocation_guard: 0.


Internal statistics:

num_allocs_failed_limit: 0.
num_arena_births: 74.
num_arena_deaths: 0.
num_vsnodes_births: 2.
num_vsnodes_deaths: 0.
num_space_committed: 23.
num_space_uncommitted: 0.
num_chunks_returned_to_freelist: 0.
num_chunks_taken_from_freelist: 96.
num_chunk_merges: 0.
num_chunk_splits: 67.
num_chunks_enlarged: 43.
num_inconsistent_stats: 0.

CodeHeap 'non-profiled nmethods': size=120000Kb used=192Kb max_used=192Kb free=119807Kb
 bounds [0x000001efc1500000, 0x000001efc1770000, 0x000001efc8a30000]
CodeHeap 'profiled nmethods': size=120000Kb used=739Kb max_used=739Kb free=119260Kb
 bounds [0x000001efb9a30000, 0x000001efb9ca0000, 0x000001efc0f60000]
CodeHeap 'non-nmethods': size=5760Kb used=1163Kb max_used=1180Kb free=4596Kb
 bounds [0x000001efc0f60000, 0x000001efc11d0000, 0x000001efc1500000]
CodeCache: size=245760Kb, used=2094Kb, max_used=2111Kb, free=243663Kb
 total_blobs=955, nmethods=553, adapters=309, full_count=0
Compilation: enabled, stopped_count=0, restarted_count=0

Compilation events (20 events):
Event: 4.802 Thread 0x000001f010362ed0 nmethod 545 0x000001efb9ae1e10 code [0x000001efb9ae2000, 0x000001efb9ae2540]
Event: 4.802 Thread 0x000001f010362ed0  544       3       java.util.Collections$UnmodifiableCollection$1::<init> (26 bytes)
Event: 4.802 Thread 0x000001f010362ed0 nmethod 544 0x000001efb9ae2790 code [0x000001efb9ae2940, 0x000001efb9ae2bc0]
Event: 4.803 Thread 0x000001f01035d6f0 nmethod 522% 0x000001efc152b890 code [0x000001efc152ba80, 0x000001efc152c168]
Event: 4.803 Thread 0x000001f01035d6f0  541       4       java.lang.String::toString (2 bytes)
Event: 4.803 Thread 0x000001f01035d6f0 nmethod 541 0x000001efc152c510 code [0x000001efc152c6a0, 0x000001efc152c728]
Event: 4.803 Thread 0x000001f01035d6f0  535       4       java.lang.StringBuilder::append (8 bytes)
Event: 4.804 Thread 0x000001f010362ed0  546   !   3       java.lang.String::replace (258 bytes)
Event: 4.804 Thread 0x000001f01063ccb0 nmethod 514% 0x000001efc152c810 code [0x000001efc152ca20, 0x000001efc152d7c8]
Event: 4.805 Thread 0x000001f01063ccb0  547       4       java.lang.StringLatin1::replace (198 bytes)
Event: 4.806 Thread 0x000001f010362ed0 nmethod 546 0x000001efb9ae2d10 code [0x000001efb9ae31e0, 0x000001efb9ae5440]
Event: 4.806 Thread 0x000001f010362ed0  549       3       lombok.patcher.PatchScript::classMatches (41 bytes)
Event: 4.806 Thread 0x000001f010362ed0 nmethod 549 0x000001efb9ae6390 code [0x000001efb9ae65c0, 0x000001efb9ae6c28]
Event: 4.806 Thread 0x000001f010362ed0  548       3       lombok.patcher.scripts.MethodLevelPatchScript::patch (21 bytes)
Event: 4.806 Thread 0x000001f010362ed0 nmethod 548 0x000001efb9ae6e90 code [0x000001efb9ae7060, 0x000001efb9ae72e8]
Event: 4.807 Thread 0x000001f010362ed0  551       3       jdk.internal.org.objectweb.asm.ByteVector::<init> (13 bytes)
Event: 4.807 Thread 0x000001f010362ed0 nmethod 551 0x000001efb9ae7410 code [0x000001efb9ae75c0, 0x000001efb9ae77e0]
Event: 4.807 Thread 0x000001f010362ed0  552       3       java.lang.Class::getPackageName (81 bytes)
Event: 4.808 Thread 0x000001f01035d6f0 nmethod 535 0x000001efc152e310 code [0x000001efc152e4e0, 0x000001efc152ebc0]
Event: 4.808 Thread 0x000001f010362ed0 nmethod 552 0x000001efb9ae7890 code [0x000001efb9ae7b40, 0x000001efb9ae8548]

GC Heap History (0 events):
No events

Dll operation events (8 events):
Event: 0.119 Loaded shared library c:\Users\ADMIN\.vscode\extensions\redhat.java-1.53.0-win32-x64\jre\21.0.10-win32-x86_64\bin\java.dll
Event: 3.393 Loaded shared library c:\Users\ADMIN\.vscode\extensions\redhat.java-1.53.0-win32-x64\jre\21.0.10-win32-x86_64\bin\zip.dll
Event: 3.430 Loaded shared library C:\Users\ADMIN\.vscode\extensions\redhat.java-1.53.0-win32-x64\jre\21.0.10-win32-x86_64\bin\instrument.dll
Event: 3.511 Loaded shared library C:\Users\ADMIN\.vscode\extensions\redhat.java-1.53.0-win32-x64\jre\21.0.10-win32-x86_64\bin\net.dll
Event: 3.572 Loaded shared library C:\Users\ADMIN\.vscode\extensions\redhat.java-1.53.0-win32-x64\jre\21.0.10-win32-x86_64\bin\nio.dll
Event: 3.576 Loaded shared library C:\Users\ADMIN\.vscode\extensions\redhat.java-1.53.0-win32-x64\jre\21.0.10-win32-x86_64\bin\zip.dll
Event: 3.599 Loaded shared library C:\Users\ADMIN\.vscode\extensions\redhat.java-1.53.0-win32-x64\jre\21.0.10-win32-x86_64\bin\jimage.dll
Event: 3.712 Loaded shared library c:\Users\ADMIN\.vscode\extensions\redhat.java-1.53.0-win32-x64\jre\21.0.10-win32-x86_64\bin\verify.dll

Deoptimization events (20 events):
Event: 3.608 Thread 0x000001efb4f520d0 DEOPT PACKING pc=0x000001efb9a677c9 sp=0x000000e6109fe690
Event: 3.608 Thread 0x000001efb4f520d0 DEOPT UNPACKING pc=0x000001efc0fb78e2 sp=0x000000e6109fdb18 mode 0
Event: 3.609 Thread 0x000001efb4f520d0 DEOPT PACKING pc=0x000001efb9a677c9 sp=0x000000e6109fe690
Event: 3.609 Thread 0x000001efb4f520d0 DEOPT UNPACKING pc=0x000001efc0fb78e2 sp=0x000000e6109fdb18 mode 0
Event: 4.800 Thread 0x000001efb4f520d0 DEOPT PACKING pc=0x000001efb9a76998 sp=0x000000e6109fdbc0
Event: 4.800 Thread 0x000001efb4f520d0 DEOPT UNPACKING pc=0x000001efc0fb78e2 sp=0x000000e6109fd080 mode 0
Event: 4.801 Thread 0x000001efb4f520d0 Uncommon trap: trap_request=0xffffff45 fr.pc=0x000001efc1511660 relative=0x00000000000000c0
Event: 4.801 Thread 0x000001efb4f520d0 Uncommon trap: reason=unstable_if action=reinterpret pc=0x000001efc1511660 method=java.lang.String.isLatin1()Z @ 10 c2
Event: 4.801 Thread 0x000001efb4f520d0 DEOPT PACKING pc=0x000001efc1511660 sp=0x000000e6109ff220
Event: 4.801 Thread 0x000001efb4f520d0 DEOPT UNPACKING pc=0x000001efc0fb6da2 sp=0x000000e6109ff160 mode 2
Event: 4.802 Thread 0x000001efb4f520d0 Uncommon trap: trap_request=0xffffffde fr.pc=0x000001efc1510810 relative=0x00000000000007d0
Event: 4.802 Thread 0x000001efb4f520d0 Uncommon trap: reason=class_check action=maybe_recompile pc=0x000001efc1510810 method=java.util.HashMap.putVal(ILjava/lang/Object;Ljava/lang/Object;ZZ)Ljava/lang/Object; @ 152 c2
Event: 4.802 Thread 0x000001efb4f520d0 DEOPT PACKING pc=0x000001efc1510810 sp=0x000000e6109ff050
Event: 4.802 Thread 0x000001efb4f520d0 DEOPT UNPACKING pc=0x000001efc0fb6da2 sp=0x000000e6109fefb0 mode 2
Event: 4.802 Thread 0x000001efb4f520d0 Uncommon trap: trap_request=0xffffffde fr.pc=0x000001efc1510810 relative=0x00000000000007d0
Event: 4.802 Thread 0x000001efb4f520d0 Uncommon trap: reason=class_check action=maybe_recompile pc=0x000001efc1510810 method=java.util.HashMap.putVal(ILjava/lang/Object;Ljava/lang/Object;ZZ)Ljava/lang/Object; @ 152 c2
Event: 4.802 Thread 0x000001efb4f520d0 DEOPT PACKING pc=0x000001efc1510810 sp=0x000000e6109ff050
Event: 4.802 Thread 0x000001efb4f520d0 DEOPT UNPACKING pc=0x000001efc0fb6da2 sp=0x000000e6109fefb0 mode 2
Event: 4.805 Thread 0x000001efb4f520d0 DEOPT PACKING pc=0x000001efb9a76998 sp=0x000000e6109fcdd0
Event: 4.805 Thread 0x000001efb4f520d0 DEOPT UNPACKING pc=0x000001efc0fb78e2 sp=0x000000e6109fc290 mode 0

Classes loaded (20 events):
Event: 4.803 Loading class java/util/jar/JarFile$ThreadTrackHolder done
Event: 4.803 Loading class jdk/internal/misc/ThreadTracker
Event: 4.804 Loading class jdk/internal/misc/ThreadTracker done
Event: 4.804 Loading class jdk/internal/misc/ThreadTracker$ThreadRef
Event: 4.804 Loading class jdk/internal/misc/ThreadTracker$ThreadRef done
Event: 4.804 Loading class sun/security/util/ManifestEntryVerifier
Event: 4.805 Loading class sun/security/util/ManifestEntryVerifier done
Event: 4.805 Loading class sun/security/util/ManifestDigester
Event: 4.807 Loading class sun/security/util/ManifestDigester done
Event: 4.807 Loading class sun/security/util/ManifestDigester$Position
Event: 4.807 Loading class sun/security/util/ManifestDigester$Position done
Event: 4.807 Loading class sun/security/util/ManifestDigester$Entry
Event: 4.807 Loading class sun/security/util/ManifestDigester$Entry done
Event: 4.807 Loading class sun/security/util/ManifestDigester$Section
Event: 4.807 Loading class sun/security/util/ManifestDigester$Section done
Event: 4.807 Loading class sun/security/jca/Providers
Event: 4.808 Loading class sun/security/jca/Providers done
Event: 4.808 Loading class sun/security/jca/ProviderList
Event: 4.809 Loading class sun/security/jca/ProviderList done
Event: 4.809 Loading class sun/security/jca/ProviderConfig

Classes unloaded (0 events):
No events

Classes redefined (0 events):
No events

Internal exceptions (11 events):
Event: 3.305 Thread 0x000001efb4f520d0 Exception <a 'java/lang/NoSuchMethodError'{0x00000000d57a92a8}: 'void java.lang.invoke.DirectMethodHandle$Holder.invokeStatic(java.lang.Object, java.lang.Object, java.lang.Object)'> (0x00000000d57a92a8) 
thrown [s\src\hotspot\share\interpreter\linkResolver.cpp, line 773]
Event: 3.588 Thread 0x000001efb4f520d0 Exception <a 'java/lang/NoSuchMethodError'{0x00000000d5912410}: 'java.lang.Object java.lang.invoke.Invokers$Holder.invokeExact_MT(java.lang.Object, java.lang.Object, java.lang.Object, java.lang.Object, java.lang.Object)'> (0x00000000d5912410) 
thrown [s\src\hotspot\share\interpreter\linkResolver.cpp, line 773]
Event: 3.631 Thread 0x000001efb4f520d0 Exception <a 'java/lang/NoSuchMethodError'{0x00000000d59ca1e8}: 'int java.lang.invoke.DirectMethodHandle$Holder.invokeSpecial(java.lang.Object, java.lang.Object, java.lang.Object, int)'> (0x00000000d59ca1e8) 
thrown [s\src\hotspot\share\interpreter\linkResolver.cpp, line 773]
Event: 3.634 Thread 0x000001efb4f520d0 Exception <a 'java/lang/NoSuchMethodError'{0x00000000d59dcbd0}: 'java.lang.Object java.lang.invoke.DirectMethodHandle$Holder.invokeStatic(java.lang.Object, java.lang.Object, java.lang.Object, java.lang.Object, int)'> (0x00000000d59dcbd0) 
thrown [s\src\hotspot\share\interpreter\linkResolver.cpp, line 773]
Event: 3.636 Thread 0x000001efb4f520d0 Exception <a 'java/lang/NoSuchMethodError'{0x00000000d59e8078}: 'void java.lang.invoke.DelegatingMethodHandle$Holder.reinvoke_L(java.lang.Object, java.lang.Object, java.lang.Object, int, java.lang.Object)'> (0x00000000d59e8078) 
thrown [s\src\hotspot\share\interpreter\linkResolver.cpp, line 773]
Event: 3.639 Thread 0x000001efb4f520d0 Exception <a 'java/lang/NoSuchMethodError'{0x00000000d59f89c8}: 'int java.lang.invoke.DirectMethodHandle$Holder.invokeSpecial(java.lang.Object, java.lang.Object, java.lang.Object)'> (0x00000000d59f89c8) 
thrown [s\src\hotspot\share\interpreter\linkResolver.cpp, line 773]
Event: 3.641 Thread 0x000001efb4f520d0 Exception <a 'java/lang/NoSuchMethodError'{0x00000000d5a04688}: 'java.lang.Object java.lang.invoke.DirectMethodHandle$Holder.invokeStatic(java.lang.Object, java.lang.Object, int)'> (0x00000000d5a04688) 
thrown [s\src\hotspot\share\interpreter\linkResolver.cpp, line 773]
Event: 3.642 Thread 0x000001efb4f520d0 Exception <a 'java/lang/NoSuchMethodError'{0x00000000d5a08fd8}: 'void java.lang.invoke.DirectMethodHandle$Holder.invokeStatic(java.lang.Object, java.lang.Object, int, java.lang.Object)'> (0x00000000d5a08fd8) 
thrown [s\src\hotspot\share\interpreter\linkResolver.cpp, line 773]
Event: 3.643 Thread 0x000001efb4f520d0 Exception <a 'java/lang/NoSuchMethodError'{0x00000000d5a0cb68}: 'void java.lang.invoke.DirectMethodHandle$Holder.invokeSpecial(java.lang.Object, java.lang.Object, java.lang.Object, int, java.lang.Object)'> (0x00000000d5a0cb68) 
thrown [s\src\hotspot\share\interpreter\linkResolver.cpp, line 773]
Event: 3.643 Thread 0x000001efb4f520d0 Exception <a 'java/lang/NoSuchMethodError'{0x00000000d5a0ffd8}: 'void java.lang.invoke.DelegatingMethodHandle$Holder.delegate(java.lang.Object, java.lang.Object, int, java.lang.Object)'> (0x00000000d5a0ffd8) 
thrown [s\src\hotspot\share\interpreter\linkResolver.cpp, line 773]
Event: 3.736 Thread 0x000001efb4f520d0 Exception <a 'java/lang/NoSuchMethodError'{0x00000000d5bcf000}: 'void java.lang.invoke.DelegatingMethodHandle$Holder.reinvoke_L(java.lang.Object, java.lang.Object, java.lang.Object, int)'> (0x00000000d5bcf000) 
thrown [s\src\hotspot\share\interpreter\linkResolver.cpp, line 773]

ZGC Phase Switch (0 events):
No events

VM Operations (6 events):
Event: 3.325 Executing non-safepoint VM operation: HandshakeAllThreads (Deoptimize)
Event: 3.325 Executing non-safepoint VM operation: HandshakeAllThreads (Deoptimize) done
Event: 3.614 Executing non-safepoint VM operation: HandshakeAllThreads (Deoptimize)
Event: 3.614 Executing non-safepoint VM operation: HandshakeAllThreads (Deoptimize) done
Event: 4.614 Executing safepoint VM operation: Cleanup
Event: 4.798 Executing safepoint VM operation: Cleanup done

Memory protections (0 events):
No events

Nmethod flushes (0 events):
No events

Events (14 events):
Event: 3.210 Thread 0x000001efb4f520d0 Thread added: 0x000001efb4f520d0
Event: 3.259 Thread 0x000001efb4f520d0 Thread added: 0x000001f010328c50
Event: 3.260 Thread 0x000001efb4f520d0 Thread added: 0x000001efcd8f82b0
Event: 3.260 Thread 0x000001efb4f520d0 Thread added: 0x000001efcd8fb940
Event: 3.260 Thread 0x000001efb4f520d0 Thread added: 0x000001efcd8fd5b0
Event: 3.260 Thread 0x000001efb4f520d0 Thread added: 0x000001f01032daa0
Event: 3.261 Thread 0x000001efb4f520d0 Thread added: 0x000001f01032ea30
Event: 3.261 Thread 0x000001efb4f520d0 Thread added: 0x000001f01035d6f0
Event: 3.261 Thread 0x000001efb4f520d0 Thread added: 0x000001f010362ed0
Event: 3.408 Thread 0x000001f010362ed0 Thread added: 0x000001f0105470e0
Event: 3.435 Thread 0x000001efb4f520d0 Thread added: 0x000001f0105aa440
Event: 3.578 Thread 0x000001f0105470e0 Thread exited: 0x000001f0105470e0
Event: 3.669 Thread 0x000001f010362ed0 Thread added: 0x000001f01063ccb0
Event: 3.789 Thread 0x000001efb4f520d0 Thread added: 0x000001f010689c20


Dynamic libraries:
0x00007ff73b6b0000 - 0x00007ff73b6be000 	c:\Users\ADMIN\.vscode\extensions\redhat.java-1.53.0-win32-x64\jre\21.0.10-win32-x86_64\bin\java.exe
0x00007ffbad280000 - 0x00007ffbad4e8000 	C:\WINDOWS\SYSTEM32\ntdll.dll
0x00007ffbace10000 - 0x00007ffbaced9000 	C:\WINDOWS\System32\KERNEL32.DLL
0x00007ffbaac20000 - 0x00007ffbab011000 	C:\WINDOWS\System32\KERNELBASE.dll
0x00007ffba7090000 - 0x00007ffba712e000 	C:\WINDOWS\SYSTEM32\apphelp.dll
0x00007ffba9e70000 - 0x00007ffba9fbb000 	C:\WINDOWS\System32\ucrtbase.dll
0x00007ffb8b2e0000 - 0x00007ffb8b2f8000 	c:\Users\ADMIN\.vscode\extensions\redhat.java-1.53.0-win32-x64\jre\21.0.10-win32-x86_64\bin\jli.dll
0x00007ffbacb30000 - 0x00007ffbaccf6000 	C:\WINDOWS\System32\USER32.dll
0x00007ffba9e40000 - 0x00007ffba9e67000 	C:\WINDOWS\System32\win32u.dll
0x00007ffbab6c0000 - 0x00007ffbab6eb000 	C:\WINDOWS\System32\GDI32.dll
0x00007ffbaaa60000 - 0x00007ffbaab8b000 	C:\WINDOWS\System32\gdi32full.dll
0x00007ffba9b60000 - 0x00007ffba9c03000 	C:\WINDOWS\System32\msvcp_win.dll
0x00007ffb8b2c0000 - 0x00007ffb8b2de000 	c:\Users\ADMIN\.vscode\extensions\redhat.java-1.53.0-win32-x64\jre\21.0.10-win32-x86_64\bin\VCRUNTIME140.dll
0x00007ffb83dc0000 - 0x00007ffb84053000 	C:\WINDOWS\WinSxS\amd64_microsoft.windows.common-controls_6595b64144ccf1df_6.0.26100.7824_none_3e0870b2e3345462\COMCTL32.dll
0x00007ffbabbc0000 - 0x00007ffbabc69000 	C:\WINDOWS\System32\msvcrt.dll
0x00007ffbac9d0000 - 0x00007ffbaca01000 	C:\WINDOWS\System32\IMM32.DLL
0x00007ffb80880000 - 0x00007ffb809dc000 	C:\Program Files (x86)\Citrix\ICA Client\ctxapclient64.dll
0x00007ffbabcd0000 - 0x00007ffbac056000 	C:\WINDOWS\System32\combase.dll
0x00007ffbabaa0000 - 0x00007ffbabbb8000 	C:\WINDOWS\System32\RPCRT4.dll
0x00007ffb97ca0000 - 0x00007ffb97cab000 	C:\WINDOWS\SYSTEM32\VERSION.dll
0x00007ffba9a50000 - 0x00007ffba9a7a000 	C:\WINDOWS\SYSTEM32\bcrypt.dll
0x00007ffbac060000 - 0x00007ffbac106000 	C:\WINDOWS\System32\sechost.dll
0x00007ffbaca20000 - 0x00007ffbacad4000 	C:\WINDOWS\System32\ADVAPI32.dll
0x00007ffba89e0000 - 0x00007ffba8a16000 	C:\WINDOWS\SYSTEM32\ntmarta.dll
0x00007ffbaa9b0000 - 0x00007ffbaaa55000 	C:\WINDOWS\System32\bcryptprimitives.dll
0x00007ffb88050000 - 0x00007ffb8805c000 	c:\Users\ADMIN\.vscode\extensions\redhat.java-1.53.0-win32-x64\jre\21.0.10-win32-x86_64\bin\vcruntime140_1.dll
0x00007ffb64de0000 - 0x00007ffb64e6d000 	c:\Users\ADMIN\.vscode\extensions\redhat.java-1.53.0-win32-x64\jre\21.0.10-win32-x86_64\bin\msvcp140.dll
0x00007ffaf07b0000 - 0x00007ffaf1551000 	c:\Users\ADMIN\.vscode\extensions\redhat.java-1.53.0-win32-x64\jre\21.0.10-win32-x86_64\bin\server\jvm.dll
0x00007ffbaba20000 - 0x00007ffbaba94000 	C:\WINDOWS\System32\WS2_32.dll
0x00007ffba99c0000 - 0x00007ffba9a1e000 	C:\WINDOWS\SYSTEM32\POWRPROF.dll
0x00007ffba18f0000 - 0x00007ffba1925000 	C:\WINDOWS\SYSTEM32\WINMM.dll
0x00007ffba99a0000 - 0x00007ffba99b4000 	C:\WINDOWS\SYSTEM32\UMPDC.dll
0x00007ffba88c0000 - 0x00007ffba88db000 	C:\WINDOWS\SYSTEM32\kernel.appcore.dll
0x00007ffb88020000 - 0x00007ffb8802a000 	c:\Users\ADMIN\.vscode\extensions\redhat.java-1.53.0-win32-x64\jre\21.0.10-win32-x86_64\bin\jimage.dll
0x00007ffba7660000 - 0x00007ffba78a2000 	C:\WINDOWS\SYSTEM32\DBGHELP.DLL
0x00007ffbac190000 - 0x00007ffbac267000 	C:\WINDOWS\System32\OLEAUT32.dll
0x00007ffb8c690000 - 0x00007ffb8c6cb000 	C:\WINDOWS\SYSTEM32\dbgcore.DLL
0x00007ffb88010000 - 0x00007ffb8801f000 	c:\Users\ADMIN\.vscode\extensions\redhat.java-1.53.0-win32-x64\jre\21.0.10-win32-x86_64\bin\instrument.dll
0x00007ffb82670000 - 0x00007ffb82690000 	c:\Users\ADMIN\.vscode\extensions\redhat.java-1.53.0-win32-x64\jre\21.0.10-win32-x86_64\bin\java.dll
0x00007ffbac270000 - 0x00007ffbac9c2000 	C:\WINDOWS\System32\SHELL32.dll
0x00007ffba9c10000 - 0x00007ffba9d7a000 	C:\WINDOWS\System32\wintypes.dll
0x000001f010720000 - 0x000001f010f83000 	C:\WINDOWS\System32\windows.storage.dll
0x000001f015000000 - 0x000001f0150f6000 	C:\WINDOWS\System32\SHCORE.dll
0x000001efcdf80000 - 0x000001efcdfe7000 	C:\WINDOWS\System32\shlwapi.dll
0x00007ffba9a80000 - 0x00007ffba9aa9000 	C:\WINDOWS\SYSTEM32\profapi.dll
0x00007ffb81ea0000 - 0x00007ffb81eb8000 	c:\Users\ADMIN\.vscode\extensions\redhat.java-1.53.0-win32-x64\jre\21.0.10-win32-x86_64\bin\zip.dll
0x00007ffb85a70000 - 0x00007ffb85a80000 	C:\Users\ADMIN\.vscode\extensions\redhat.java-1.53.0-win32-x64\jre\21.0.10-win32-x86_64\bin\net.dll
0x00007ffba17c0000 - 0x00007ffba18e7000 	C:\WINDOWS\SYSTEM32\WINHTTP.dll
0x00007ffba8e10000 - 0x00007ffba8e7b000 	C:\WINDOWS\system32\mswsock.dll
0x00007ffb81ce0000 - 0x00007ffb81cf6000 	C:\Users\ADMIN\.vscode\extensions\redhat.java-1.53.0-win32-x64\jre\21.0.10-win32-x86_64\bin\nio.dll
0x00007ffb84c60000 - 0x00007ffb84c70000 	c:\Users\ADMIN\.vscode\extensions\redhat.java-1.53.0-win32-x64\jre\21.0.10-win32-x86_64\bin\verify.dll

JVMTI agents:
c:\Users\ADMIN\.vscode\extensions\redhat.java-1.53.0-win32-x64\lombok\lombok-1.18.39-4050.jar path:c:\Users\ADMIN\.vscode\extensions\redhat.java-1.53.0-win32-x64\jre\21.0.10-win32-x86_64\bin\instrument.dll, loaded, initialized, instrumentlib options:none

dbghelp: loaded successfully - version: 4.0.5 - missing functions: none
symbol engine: initialized successfully - sym options: 0x614 - pdb path: .;c:\Users\ADMIN\.vscode\extensions\redhat.java-1.53.0-win32-x64\jre\21.0.10-win32-x86_64\bin;C:\WINDOWS\SYSTEM32;C:\WINDOWS\WinSxS\amd64_microsoft.windows.common-controls_6595b64144ccf1df_6.0.26100.7824_none_3e0870b2e3345462;C:\Program Files (x86)\Citrix\ICA Client;c:\Users\ADMIN\.vscode\extensions\redhat.java-1.53.0-win32-x64\jre\21.0.10-win32-x86_64\bin\server

VM Arguments:
jvm_args: --add-modules=ALL-SYSTEM --add-opens=java.base/java.util=ALL-UNNAMED --add-opens=java.base/java.lang=ALL-UNNAMED --add-opens=java.base/sun.nio.fs=ALL-UNNAMED -Declipse.application=org.eclipse.jdt.ls.core.id1 -Dosgi.bundles.defaultStartLevel=4 -Declipse.product=org.eclipse.jdt.ls.core.product -Djava.import.generatesMetadataFilesAtProjectRoot=false -DDetectVMInstallationsJob.disabled=true -Dfile.encoding=utf8 -XX:+UseParallelGC -XX:GCTimeRatio=4 -XX:AdaptiveSizePolicyWeight=90 -Dsun.zip.disableMemoryMapping=true -Xmx2G -Xms100m -Xlog:disable -javaagent:c:\Users\ADMIN\.vscode\extensions\redhat.java-1.53.0-win32-x64\lombok\lombok-1.18.39-4050.jar -XX:+HeapDumpOnOutOfMemoryError -XX:HeapDumpPath=c:\Users\ADMIN\AppData\Roaming\Code\User\workspaceStorage\969563f12d5b73a6dd56308980cf598d\redhat.java -Daether.dependencyCollector.impl=bf 
java_command: c:\Users\ADMIN\.vscode\extensions\redhat.java-1.53.0-win32-x64\server\plugins\org.eclipse.equinox.launcher_1.7.100.v20251111-0406.jar -configuration c:\Users\ADMIN\AppData\Roaming\Code\User\globalStorage\redhat.java\1.53.0\config_win -data c:\Users\ADMIN\AppData\Roaming\Code\User\workspaceStorage\969563f12d5b73a6dd56308980cf598d\redhat.java\jdt_ws --pipe=\\.\pipe\lsp-ab81b31bf69a784c263153e7ab391ee6-sock
java_class_path (initial): c:\Users\ADMIN\.vscode\extensions\redhat.java-1.53.0-win32-x64\server\plugins\org.eclipse.equinox.launcher_1.7.100.v20251111-0406.jar
Launcher Type: SUN_STANDARD

[Global flags]
    uintx AdaptiveSizePolicyWeight                 = 90                                        {product} {command line}
     intx CICompilerCount                          = 4                                         {product} {ergonomic}
    uintx GCTimeRatio                              = 4                                         {product} {command line}
     bool HeapDumpOnOutOfMemoryError               = true                                   {manageable} {command line}
    ccstr HeapDumpPath                             = c:\Users\ADMIN\AppData\Roaming\Code\User\workspaceStorage\969563f12d5b73a6dd56308980cf598d\redhat.java         {manageable} {command line}
   size_t InitialHeapSize                          = 104857600                                 {product} {command line}
   size_t MaxHeapSize                              = 2147483648                                {product} {command line}
   size_t MaxNewSize                               = 715653120                                 {product} {ergonomic}
   size_t MinHeapDeltaBytes                        = 524288                                    {product} {ergonomic}
   size_t MinHeapSize                              = 104857600                                 {product} {command line}
   size_t NewSize                                  = 34603008                                  {product} {ergonomic}
    uintx NonNMethodCodeHeapSize                   = 5839372                                {pd product} {ergonomic}
    uintx NonProfiledCodeHeapSize                  = 122909434                              {pd product} {ergonomic}
   size_t OldSize                                  = 70254592                                  {product} {ergonomic}
    uintx ProfiledCodeHeapSize                     = 122909434                              {pd product} {ergonomic}
    uintx ReservedCodeCacheSize                    = 251658240                              {pd product} {ergonomic}
     bool SegmentedCodeCache                       = true                                      {product} {ergonomic}
   size_t SoftMaxHeapSize                          = 2147483648                             {manageable} {ergonomic}
     bool UseCompressedOops                        = true                           {product lp64_product} {ergonomic}
     bool UseLargePagesIndividualAllocation        = false                                  {pd product} {ergonomic}
     bool UseParallelGC                            = true                                      {product} {command line}

Logging:
Log output configuration:
 #0: stdout all=off uptime,level,tags foldmultilines=false
 #1: stderr all=off uptime,level,tags foldmultilines=false

Release file:
JAVA_VERSION="21.0.10" 
MODULES="java.base java.compiler java.datatransfer java.xml java.prefs java.desktop java.instrument java.logging java.management java.security.sasl java.naming java.rmi java.management.rmi java.net.http java.scripting java.security.jgss java.transaction.xa java.sql java.sql.rowset java.xml.crypto java.se java.smartcardio jdk.accessibility jdk.internal.jvmstat jdk.attach jdk.charsets jdk.internal.opt jdk.zipfs jdk.compiler jdk.crypto.ec jdk.crypto.cryptoki jdk.crypto.mscapi jdk.dynalink jdk.internal.ed jdk.editpad jdk.hotspot.agent jdk.httpserver jdk.internal.le jdk.internal.vm.ci jdk.internal.vm.compiler jdk.internal.vm.compiler.management jdk.jartool jdk.javadoc jdk.jcmd jdk.management jdk.management.agent jdk.jconsole jdk.jdeps jdk.jdwp.agent jdk.jdi jdk.jfr jdk.jshell jdk.jsobject jdk.jstatd jdk.localedata jdk.management.jfr jdk.naming.dns jdk.naming.rmi jdk.net jdk.nio.mapmode jdk.random jdk.sctp jdk.security.auth jdk.security.jgss jdk.unsupported jdk.unsupported.desktop jdk.xml.dom" 

Environment Variables:
JAVA_HOME=C:\Program Files\Java\jdk-11
PATH=$($env:PATH);C:\oracle\instantclient_19_28;C:\Tools\apache-maven-3.9.11\bin;C:\Tools\apache-maven-3.9.11\bin;C:\WINDOWS\System32;C:\WINDOWS;C:\WINDOWS\System32\Wbem;C:\WINDOWS\System32\WindowsPowerShell\v1.0\;C:\WINDOWS\System32\OpenSSH\;C:\Program Files\Docker\Docker;C:\Program Files\Docker\cli-plugins;;C:\Program Files\Docker\Docker\resources\bin;C:\Users\ADMIN\AppData\Local\pnpm;C:\Users\ADMIN\AppData\Local\Programs\Python\Python312\Scripts\;C:\Users\ADMIN\AppData\Local\Programs\Python\Python312\;C:\Users\ADMIN\AppData\Local\Microsoft\WindowsApps;C:\Users\ADMIN\AppData\Local\Programs\Microsoft VS Code\bin;C:\Program Files\Azure Data Studio\bin;C:\Program Files\IBM\Cloud\bin;C:\Program Files\OpenShift\bin;C:\Users\ADMIN\AppData\Local\GitHubDesktop\bin;C:\Users\ADMIN\AppData\Local\Google\Cloud SDK\google-cloud-sdk\bin;C:\Program Files\Java\jdk-11\bin;C:\Program Files\JetBrains\IntelliJ IDEA 2024.2.0.2\bin;C:\Users\ADMIN\AppData\Roaming\npm;C:\Users\ADMIN\AppData\Roaming\nvm;C:\Program Files\nodejs;C:\Users\ADMIN\AppData\Local\Programs\mongosh\
USERNAME=ADMIN
OS=Windows_NT
PROCESSOR_IDENTIFIER=Intel64 Family 6 Model 140 Stepping 1, GenuineIntel
TMP=C:\Users\ADMIN\AppData\Local\Temp
TEMP=C:\Users\ADMIN\AppData\Local\Temp




Periodic native trim disabled

---------------  S Y S T E M  ---------------

OS:
 Windows 11 , 64 bit Build 26100 (10.0.26100.7705)
OS uptime: 20 days 14:38 hours
Hyper-V role detected

CPU: total 8 (initial active 8) (4 cores per cpu, 2 threads per core) family 6 model 140 stepping 1 microcode 0xbc, cx8, cmov, fxsr, ht, mmx, 3dnowpref, sse, sse2, sse3, ssse3, sse4.1, sse4.2, popcnt, lzcnt, tsc, tscinvbit, avx, avx2, aes, erms, clmul, bmi1, bmi2, adx, avx512f, avx512dq, avx512cd, avx512bw, avx512vl, sha, fma, vzeroupper, avx512_vpopcntdq, avx512_vpclmulqdq, avx512_vaes, avx512_vnni, clflush, clflushopt, clwb, avx512_vbmi2, avx512_vbmi, hv, rdtscp, rdpid, fsrm, gfni, avx512_bitalg, f16c, cet_ibt, cet_ss, avx512_ifma
Processor Information for the first 8 processors :
  Max Mhz: 2803, Current Mhz: 2803, Mhz Limit: 2803

Memory: 4k page, system-wide physical 16112M (1643M free)
TotalPageFile size 65264M (AvailPageFile size 0M)
current process WorkingSet (physical memory assigned to process): 53M, peak: 53M
current process commit charge ("private bytes"): 228M, peak: 228M

vm_info: OpenJDK 64-Bit Server VM (21.0.10+7-LTS) for windows-amd64 JRE (21.0.10+7-LTS), built on 2026-01-20T00:00:00Z by "admin" with MS VC++ 17.12 (VS2022)

END.
